2022-05-16 17:34:38,890 [Worker-6: Loading available Gradle versions] INFO  o.e.b.c.i.u.g.PublishedGradleVersions - Gradle version information cache is not available. Remote download required.
2022-05-17 18:22:01,211 [Worker-0: Loading available Gradle versions] INFO  o.e.b.c.i.u.g.PublishedGradleVersions - Gradle version information cache is out-of-date. Trying to update.
2022-05-17 20:58:08,555 [Worker-6: Loading available Gradle versions] INFO  o.e.b.c.i.u.g.PublishedGradleVersions - Gradle version information cache is up-to-date. Trying to read.
2022-05-18 21:43:35,312 [Worker-3: Loading available Gradle versions] INFO  o.e.b.c.i.u.g.PublishedGradleVersions - Gradle version information cache is out-of-date. Trying to update.
2022-05-19 12:02:37,609 [Worker-2: Loading available Gradle versions] INFO  o.e.b.c.i.u.g.PublishedGradleVersions - Gradle version information cache is up-to-date. Trying to read.
2022-05-19 18:35:44,366 [Worker-2: Loading available Gradle versions] INFO  o.e.b.c.i.u.g.PublishedGradleVersions - Gradle version information cache is up-to-date. Trying to read.
2022-05-20 19:41:52,699 [Worker-3: Loading available Gradle versions] INFO  o.e.b.c.i.u.g.PublishedGradleVersions - Gradle version information cache is out-of-date. Trying to update.
2022-05-23 13:50:11,236 [Worker-2: Loading available Gradle versions] INFO  o.e.b.c.i.u.g.PublishedGradleVersions - Gradle version information cache is out-of-date. Trying to update.
2022-05-25 12:09:13,785 [Worker-4: Loading available Gradle versions] INFO  o.e.b.c.i.u.g.PublishedGradleVersions - Gradle version information cache is out-of-date. Trying to update.
2022-05-29 12:29:06,683 [Worker-2: Loading available Gradle versions] INFO  o.e.b.c.i.u.g.PublishedGradleVersions - Gradle version information cache is out-of-date. Trying to update.
2022-05-30 12:20:53,690 [Worker-0: Loading available Gradle versions] INFO  o.e.b.c.i.u.g.PublishedGradleVersions - Gradle version information cache is up-to-date. Trying to read.
2022-05-31 23:38:42,786 [Worker-0: Loading available Gradle versions] INFO  o.e.b.c.i.u.g.PublishedGradleVersions - Gradle version information cache is out-of-date. Trying to update.
2022-06-02 12:50:56,077 [Worker-3: Loading available Gradle versions] INFO  o.e.b.c.i.u.g.PublishedGradleVersions - Gradle version information cache is out-of-date. Trying to update.
2022-06-03 19:19:23,627 [Worker-2: Loading available Gradle versions] INFO  o.e.b.c.i.u.g.PublishedGradleVersions - Gradle version information cache is out-of-date. Trying to update.
2022-06-03 20:42:48,020 [Start Help Server] INFO  org.eclipse.jetty.server.Server - jetty-10.0.6; built: 2021-06-29T15:28:56.259Z; git: 37e7731b4b142a882d73974ff3bec78d621bd674; jvm 17.0.2+8
2022-06-03 20:42:48,046 [Start Help Server] INFO  o.e.j.s.s.DefaultSessionIdManager - Session workerName=node0
2022-06-03 20:42:48,069 [Start Help Server] INFO  o.e.j.server.handler.ContextHandler - Started o.e.j.s.ServletContextHandler@141bb974{/help,null,AVAILABLE}
2022-06-03 20:42:48,089 [Start Help Server] INFO  o.e.jetty.server.AbstractConnector - Started ServerConnector@6a3f969{HTTP/1.1, (http/1.1)}{127.0.0.1:62884}
2022-06-03 20:42:48,090 [Start Help Server] INFO  org.eclipse.jetty.server.Server - Started Server@20d892f0{STARTING}[10.0.6,sto=0] @5028170ms
2022-06-03 20:45:45,850 [Stop Help Server] INFO  org.eclipse.jetty.server.Server - Stopped Server@20d892f0{STOPPING}[10.0.6,sto=0]
2022-06-03 20:45:45,856 [Stop Help Server] INFO  o.e.jetty.server.AbstractConnector - Stopped ServerConnector@6a3f969{HTTP/1.1, (http/1.1)}{127.0.0.1:0}
2022-06-03 20:45:45,862 [Stop Help Server] INFO  o.e.j.server.handler.ContextHandler - Stopped o.e.j.s.ServletContextHandler@141bb974{/help,null,STOPPED}
2022-06-03 20:45:55,950 [Start Help Server] INFO  org.eclipse.jetty.server.Server - jetty-10.0.6; built: 2021-06-29T15:28:56.259Z; git: 37e7731b4b142a882d73974ff3bec78d621bd674; jvm 17.0.2+8
2022-06-03 20:45:55,993 [Start Help Server] INFO  o.e.j.s.s.DefaultSessionIdManager - Session workerName=node0
2022-06-03 20:45:56,038 [Start Help Server] INFO  o.e.j.server.handler.ContextHandler - Started o.e.j.s.ServletContextHandler@171481ed{/help,null,AVAILABLE}
2022-06-03 20:45:56,072 [Start Help Server] INFO  o.e.jetty.server.AbstractConnector - Started ServerConnector@4f870412{HTTP/1.1, (http/1.1)}{127.0.0.1:62902}
2022-06-03 20:45:56,095 [Start Help Server] INFO  org.eclipse.jetty.server.Server - Started Server@48eff72{STARTING}[10.0.6,sto=0] @9419ms
2022-06-03 20:45:56,836 [Worker-2: Loading available Gradle versions] INFO  o.e.b.c.i.u.g.PublishedGradleVersions - Gradle version information cache is up-to-date. Trying to read.
2022-06-03 21:21:57,409 [Stop Help Server] INFO  org.eclipse.jetty.server.Server - Stopped Server@48eff72{STOPPING}[10.0.6,sto=0]
2022-06-03 21:21:57,500 [Stop Help Server] INFO  o.e.jetty.server.AbstractConnector - Stopped ServerConnector@4f870412{HTTP/1.1, (http/1.1)}{127.0.0.1:0}
2022-06-03 21:21:57,644 [Stop Help Server] INFO  o.e.j.server.handler.ContextHandler - Stopped o.e.j.s.ServletContextHandler@171481ed{/help,null,STOPPED}
2022-06-03 21:58:29,139 [Worker-3: Loading available Gradle versions] INFO  o.e.b.c.i.u.g.PublishedGradleVersions - Gradle version information cache is up-to-date. Trying to read.
2022-06-06 10:38:16,618 [Worker-2: Loading available Gradle versions] INFO  o.e.b.c.i.u.g.PublishedGradleVersions - Gradle version information cache is out-of-date. Trying to update.
2022-06-06 15:46:10,022 [Worker-2: Loading available Gradle versions] INFO  o.e.b.c.i.u.g.PublishedGradleVersions - Gradle version information cache is up-to-date. Trying to read.
